<?xml version="1.0" encoding="UTF-8"?>
<testsuite name="com.example.springbootzuulgatwayproxy.SpringBootZuulgatwayproxyApplicationTests" time="0.033" tests="1" errors="0" skipped="0" failures="0">
  <properties>
    <property name="idea.version" value="2023.2.5"/>
    <property name="java.runtime.name" value="OpenJDK Runtime Environment"/>
    <property name="sun.boot.library.path" value="C:\Users\CipherZernia\.jdks\temurin-1.8.0_392\jre\bin"/>
    <property name="java.vm.version" value="25.392-b08"/>
    <property name="java.vm.vendor" value="Temurin"/>
    <property name="maven.multiModuleProjectDirectory" value="D:\Project\WAD-final-project\load balancer\spring-boot-zuulgatwayproxy"/>
    <property name="java.vendor.url" value="https://adoptium.net/"/>
    <property name="path.separator" value=";"/>
    <property name="guice.disable.misplaced.annotation.check" value="true"/>
    <property name="java.vm.name" value="OpenJDK 64-Bit Server VM"/>
    <property name="file.encoding.pkg" value="sun.io"/>
    <property name="user.script" value=""/>
    <property name="user.country" value="US"/>
    <property name="sun.java.launcher" value="SUN_STANDARD"/>
    <property name="sun.os.patch.level" value=""/>
    <property name="java.vm.specification.name" value="Java Virtual Machine Specification"/>
    <property name="user.dir" value="D:\Project\WAD-final-project\load balancer\spring-boot-zuulgatwayproxy"/>
    <property name="java.runtime.version" value="1.8.0_392-b08"/>
    <property name="java.awt.graphicsenv" value="sun.awt.Win32GraphicsEnvironment"/>
    <property name="java.endorsed.dirs" value="C:\Users\CipherZernia\.jdks\temurin-1.8.0_392\jre\lib\endorsed"/>
    <property name="os.arch" value="amd64"/>
    <property name="java.io.tmpdir" value="C:\Users\CIPHER~1\AppData\Local\Temp\"/>
    <property name="line.separator" value="&#10;"/>
    <property name="java.vm.specification.vendor" value="Oracle Corporation"/>
    <property name="user.variant" value=""/>
    <property name="os.name" value="Windows 11"/>
    <property name="maven.ext.class.path" value="C:\Program Files\JetBrains\IntelliJ IDEA 2023.2.5\plugins\maven\lib\maven-event-listener.jar"/>
    <property name="classworlds.conf" value="C:\Users\CipherZernia\.m2\wrapper\dists\apache-maven-3.5.0-bin\6ps54u5pnnbbpr6ds9rppcc7iv\apache-maven-3.5.0\bin\m2.conf"/>
    <property name="sun.jnu.encoding" value="Cp1252"/>
    <property name="java.library.path" value="C:\Users\CipherZernia\.jdks\temurin-1.8.0_392\bin;C:\Windows\Sun\Java\bin;C:\Windows\system32;C:\Windows;C:\Program Files\Common Files\Oracle\Java\javapath;C:\Windows\system32;C:\Windows;C:\Windows\System32\Wbem;C:\Windows\System32\WindowsPowerShell\v1.0\;C:\Windows\System32\OpenSSH\;C:\Program Files\dotnet\;C:\Program Files\Docker\Docker\resources\bin;C:\Program Files (x86)\Windows Kits\10\Windows Performance Toolkit\;C:\Program Files (x86)\NVIDIA Corporation\PhysX\Common;C:\Program Files\NVIDIA Corporation\NVIDIA NvDLISR;C:\src\flutter\bin;C:\Program Files\Git\cmd;C:\ProgramData\chocolatey\bin;C:\ProgramData\chocolatey\lib\maven\apache-maven-3.9.5\bin;C:\Users\CipherZernia\AppData\Roaming\nvm;C:\Program Files\nodejs;C:\Users\CipherZernia\AppData\Local\Programs\Python\Python310\Scripts\;C:\Users\CipherZernia\AppData\Local\Programs\Python\Python310\;C:\Users\CipherZernia\AppData\Local\Microsoft\WindowsApps;C:\Users\CipherZernia\AppData\Local\Programs\Microsoft VS Code\bin;C:\Users\CipherZernia\AppData\Roaming\npm;C:\Users\CipherZernia\AppData\Local\Programs\oh-my-posh\bin;C:\Users\CipherZernia\AppData\Roaming\nvm;C:\Program Files\nodejs;C:\Program Files\JetBrains\PhpStorm 2023.2.4\bin;;C:\Program Files\JetBrains\RubyMine 2023.2.5\bin;;C:\Program Files\JetBrains\WebStorm 2023.2.5\bin;;C:\Program Files\JetBrains\IntelliJ IDEA 2023.2.5\bin;;."/>
    <property name="jansi.passthrough" value="true"/>
    <property name="maven.conf" value="C:\Users\CipherZernia\.m2\wrapper\dists\apache-maven-3.5.0-bin\6ps54u5pnnbbpr6ds9rppcc7iv\apache-maven-3.5.0/conf"/>
    <property name="java.specification.name" value="Java Platform API Specification"/>
    <property name="java.class.version" value="52.0"/>
    <property name="sun.management.compiler" value="HotSpot 64-Bit Tiered Compilers"/>
    <property name="os.version" value="10.0"/>
    <property name="library.jansi.path" value="C:\Users\CipherZernia\.m2\wrapper\dists\apache-maven-3.5.0-bin\6ps54u5pnnbbpr6ds9rppcc7iv\apache-maven-3.5.0\lib\jansi-native\windows64"/>
    <property name="user.home" value="C:\Users\CipherZernia"/>
    <property name="user.timezone" value="Asia/Bangkok"/>
    <property name="java.awt.printerjob" value="sun.awt.windows.WPrinterJob"/>
    <property name="java.specification.version" value="1.8"/>
    <property name="file.encoding" value="UTF-8"/>
    <property name="user.name" value="CipherZernia"/>
    <property name="java.class.path" value="C:\Users\CipherZernia\.m2\wrapper\dists\apache-maven-3.5.0-bin\6ps54u5pnnbbpr6ds9rppcc7iv\apache-maven-3.5.0\boot\plexus-classworlds-2.5.2.jar;C:\Program Files\JetBrains\IntelliJ IDEA 2023.2.5\lib\idea_rt.jar"/>
    <property name="java.vm.specification.version" value="1.8"/>
    <property name="sun.arch.data.model" value="64"/>
    <property name="java.home" value="C:\Users\CipherZernia\.jdks\temurin-1.8.0_392\jre"/>
    <property name="sun.java.command" value="org.codehaus.classworlds.Launcher -Didea.version=2023.2.5 package"/>
    <property name="java.specification.vendor" value="Oracle Corporation"/>
    <property name="user.language" value="en"/>
    <property name="awt.toolkit" value="sun.awt.windows.WToolkit"/>
    <property name="java.vm.info" value="mixed mode"/>
    <property name="java.version" value="1.8.0_392"/>
    <property name="java.ext.dirs" value="C:\Users\CipherZernia\.jdks\temurin-1.8.0_392\jre\lib\ext;C:\Windows\Sun\Java\lib\ext"/>
    <property name="sun.boot.class.path" value="C:\Users\CipherZernia\.jdks\temurin-1.8.0_392\jre\lib\resources.jar;C:\Users\CipherZernia\.jdks\temurin-1.8.0_392\jre\lib\rt.jar;C:\Users\CipherZernia\.jdks\temurin-1.8.0_392\jre\lib\sunrsasign.jar;C:\Users\CipherZernia\.jdks\temurin-1.8.0_392\jre\lib\jsse.jar;C:\Users\CipherZernia\.jdks\temurin-1.8.0_392\jre\lib\jce.jar;C:\Users\CipherZernia\.jdks\temurin-1.8.0_392\jre\lib\charsets.jar;C:\Users\CipherZernia\.jdks\temurin-1.8.0_392\jre\lib\jfr.jar;C:\Users\CipherZernia\.jdks\temurin-1.8.0_392\jre\classes"/>
    <property name="java.vendor" value="Temurin"/>
    <property name="java.specification.maintenance.version" value="5"/>
    <property name="maven.home" value="C:\Users\CipherZernia\.m2\wrapper\dists\apache-maven-3.5.0-bin\6ps54u5pnnbbpr6ds9rppcc7iv\apache-maven-3.5.0"/>
    <property name="file.separator" value="\"/>
    <property name="java.vendor.url.bug" value="https://github.com/adoptium/adoptium-support/issues"/>
    <property name="sun.cpu.endian" value="little"/>
    <property name="sun.io.unicode.encoding" value="UnicodeLittle"/>
    <property name="sun.desktop" value="windows"/>
    <property name="sun.cpu.isalist" value="amd64"/>
  </properties>
  <testcase name="contextLoads" classname="com.example.springbootzuulgatwayproxy.SpringBootZuulgatwayproxyApplicationTests" time="0.033"/>
</testsuite>